<?xml version="1.0" encoding="UTF-8"?>
<coverage generated="1708988271307" clover="3.2.0">
  <project timestamp="1708988271307" name="All files">
    <metrics statements="27" coveredstatements="27" conditionals="5" coveredconditionals="5" methods="4" coveredmethods="4" elements="36" coveredelements="36" complexity="0" loc="27" ncloc="27" packages="1" files="2" classes="2"/>
    <file name="constants.ts" path="/Users/arnar/Desktop/vh/unit-testing/src/constants.ts">
      <metrics statements="8" coveredstatements="8" conditionals="1" coveredconditionals="1" methods="0" coveredmethods="0"/>
      <line num="1" count="1" type="cond" truecount="1" falsecount="0"/>
      <line num="2" count="1" type="stmt"/>
      <line num="3" count="1" type="stmt"/>
      <line num="4" count="1" type="stmt"/>
      <line num="5" count="1" type="stmt"/>
      <line num="6" count="1" type="stmt"/>
      <line num="7" count="1" type="stmt"/>
      <line num="8" count="1" type="stmt"/>
    </file>
    <file name="dateUtils.ts" path="/Users/arnar/Desktop/vh/unit-testing/src/dateUtils.ts">
      <metrics statements="19" coveredstatements="19" conditionals="4" coveredconditionals="4" methods="4" coveredmethods="4"/>
      <line num="1" count="1" type="stmt"/>
      <line num="2" count="1" type="stmt"/>
      <line num="3" count="1" type="stmt"/>
      <line num="4" count="1" type="stmt"/>
      <line num="5" count="1" type="cond" truecount="1" falsecount="0"/>
      <line num="6" count="6" type="stmt"/>
      <line num="7" count="6" type="stmt"/>
      <line num="8" count="1" type="stmt"/>
      <line num="9" count="1" type="cond" truecount="1" falsecount="0"/>
      <line num="10" count="2" type="stmt"/>
      <line num="11" count="2" type="stmt"/>
      <line num="12" count="1" type="stmt"/>
      <line num="13" count="1" type="cond" truecount="1" falsecount="0"/>
      <line num="14" count="2" type="stmt"/>
      <line num="15" count="2" type="stmt"/>
      <line num="16" count="1" type="stmt"/>
      <line num="17" count="1" type="cond" truecount="1" falsecount="0"/>
      <line num="18" count="2" type="stmt"/>
      <line num="19" count="2" type="stmt"/>
    </file>
  </project>
</coverage>
